analysis_agent (to analysis_agent):

在显微镜下观察洋葱鳞片叶表皮细胞临时装片时，发现视野中有一个污点，转动目镜和移动装片，污点都没有移动，那么污点可能在（  ）

--------------------------------------------------------------------------------
analysis_agent (to analysis_agent):

根据题目描述，如果转动目镜和移动装片后污点都没有移动，那么污点的位置很可能在物镜上。

原因如下：
- 目镜：是放置在眼睛前面用于观察的镜片，污点如果在这里，转动目镜污点应该会移动。
- 物镜：是放置在载玻片上方的镜头，用于放大样本。如果污点在物镜上，转动目镜或移动装片都不会影响污点的位置。
- 载玻片或盖玻片：污点如果在这两个部件上，移动装片污点应该会移动。

因此，根据题目给出的选项，正确答案应该是污点可能在物镜上。

--------------------------------------------------------------------------------
analysis_agent (to analysis_agent):

是的，您的分析是正确的。根据题目描述，如果污点在转动目镜和移动装片后都没有移动，那么污点很可能是位于物镜上。以下是详细的分析和改进建议：

**错误原因分析：**
1. 学生可能对显微镜的结构和污点可能存在的位置理解不够清楚。
2. 学生可能没有充分理解如何通过观察和操作来排除不同位置上的污点。

**改进建议：**
1. **加强显微镜结构知识的学习**：确保学生了解显微镜的各个部分，包括目镜、物镜、载玻片和盖玻片的位置和功能。
2. **实践操作**：通过实际操作显微镜，让学生练习转动目镜和移动装片，以判断污点的位置。
3. **逐步排除法**：教给学生使用逐步排除法来确定污点位置的方法。例如，首先转动目镜，如果污点不动，那么污点不在目镜上；然后移动装片，如果污点仍然不动，那么污点很可能在物镜上。
4. **观察技巧**：指导学生注意观察污点移动的规律，通过这些规律来推断污点的可能位置。
5. **定期复习**：定期复习显微镜的使用和污点排除的技巧，以帮助学生巩固知识。

通过这些改进措施，学生可以更好地理解和掌握显微镜的使用，从而减少类似的错误。

--------------------------------------------------------------------------------

>>>>>>>> TERMINATING RUN (21fcca79-5da3-4b87-820c-ac506610abec): Maximum number of consecutive auto-replies reached
analysis_agent (to analysis_agent):

植物进行光合作用的主要器官是（  ）

--------------------------------------------------------------------------------
analysis_agent (to analysis_agent):

这个题目考查的是植物生物学的基础知识。正确答案是：

（叶）

具体解释如下：

植物进行光合作用的主要器官是叶子。叶子中的叶肉细胞含有大量的叶绿体，叶绿体是进行光合作用的重要场所。光合作用是指植物利用光能将二氧化碳和水转化为有机物（如葡萄糖）和氧气的过程。这个过程对于植物的生长发育和生态系统的能量流动至关重要。

学生如果在这个问题上出错，可能的原因包括：

1. 对光合作用的概念理解不透彻。
2. 对植物器官的功能区分不清楚，没有明确叶子是光合作用的主要场所。
3. 记忆不准确，混淆了其他植物器官的功能。

改进建议：

1. 加强对光合作用原理的学习，理解光能如何转化为化学能，以及反应的具体过程。
2. 通过图表、模型等方式，加深对植物器官结构和功能的认识，特别是叶子的结构和叶绿体的作用。
3. 定期复习和练习，巩固对光合作用相关知识的记忆。
4. 如果有具体的问题或难点，可以通过查阅资料、向老师或同学请教等方式解决。

--------------------------------------------------------------------------------
analysis_agent (to analysis_agent):

感谢您的详细分析和改进建议。现在，我将根据您提供的分析，给出一个具体的错题分析示例：

**错题示例：**
“植物进行光合作用的主要器官是（  ）”
学生填写答案为：根

**错题分析：**
1. **错误原因分析：**
   - 学生可能没有充分理解光合作用的基本概念，认为光合作用发生在所有植物器官中。
   - 学生可能对植物器官的功能缺乏清晰的认识，没有意识到光合作用主要发生在叶子中。
   - 学生可能存在记忆混淆，将光合作用与植物的呼吸作用等其他生理过程相混淆。

2. **改进建议：**
   - **概念澄清：** 向学生解释光合作用的定义，强调它是植物通过叶绿体利用光能将无机物转化为有机物的过程。
   - **结构学习：** 通过图片或实际观察，让学生了解叶子的结构，特别是叶绿体的位置和功能。
   - **对比学习：** 通过对比叶、茎、根等不同器官的功能，帮助学生区分它们在植物生理活动中的作用。
   - **定期复习：** 建议学生定期复习光合作用的相关知识，通过习题和实验加深理解。
   - **实践应用：** 如果条件允许，可以组织学生进行植物实验，观察光合作用的现象，增强学习效果。

通过这样的错题分析，学生可以更清楚地认识到自己的错误，并通过针对性的改进措施来提高自己的学习效果。

--------------------------------------------------------------------------------

>>>>>>>> TERMINATING RUN (07df475b-1cc6-42d2-912c-8e5a09d20ce1): Maximum number of consecutive auto-replies reached
analysis_agent (to analysis_agent):

人体消化食物和吸收营养物质的主要场所是（  ）

--------------------------------------------------------------------------------
analysis_agent (to analysis_agent):

这个题目考察的是生物学知识，具体是关于人体消化系统的功能。正确答案是：

小肠

原因分析：
1. **消化食物**：小肠是食物消化过程的关键部分。在小肠内，食物被分解成更小的分子，如葡萄糖、氨基酸和脂肪酸，这些分子可以被身体吸收。

2. **吸收营养物质**：小肠内壁有大量的小肠绒毛和微绒毛，它们增加了吸收面积，使得营养物质可以高效地通过小肠壁进入血液和淋巴系统。

错误原因可能包括：
- 对人体消化系统结构不熟悉。
- 对小肠的功能理解不够深入。
- 记忆混淆，可能记错了消化吸收的主要场所。

改进建议：
- 通过教科书或在线资源深入学习人体消化系统的结构和功能。
- 绘制或使用消化系统图解来帮助记忆不同器官的位置和作用。
- 做一些相关的练习题，加深对消化吸收过程的记忆和理解。
- 如果有条件，可以参观解剖学博物馆或观看相关的解剖学视频，以直观地了解消化系统的结构。

--------------------------------------------------------------------------------
analysis_agent (to analysis_agent):

了解了学生的错误原因和改进建议后，以下是对学生的错题分析及改进建议：

**错题分析：**
学生在回答这个问题时选择了错误答案，可能是由于以下原因：
1. **基础知识薄弱**：学生可能没有牢固掌握人体消化系统的基本知识，特别是小肠在消化和吸收过程中的关键作用。
2. **记忆混淆**：学生可能记混了消化系统中不同器官的功能，将小肠与胃、大肠等其他器官的功能混淆。
3. **缺乏实践理解**：学生可能没有通过实践活动（如实验、模型制作等）来加深对消化系统工作原理的理解。

**改进建议：**
为了帮助学生纠正错误并提高生物学知识，以下是一些建议：
1. **复习基础知识**：建议学生重新阅读教科书或相关资料，重点复习人体消化系统的结构，特别是小肠的结构和功能。
2. **制作或使用图解**：鼓励学生制作或使用消化系统图解，通过视觉辅助来记忆每个器官的位置和功能。
3. **案例分析**：通过案例分析来帮助学生理解消化过程中的具体步骤，例如，可以分析不同食物成分在小肠中的消化和吸收过程。
4. **互动学习**：参与课堂讨论或小组学习，与同学一起讨论消化系统的知识点，通过交流加深理解。
5. **实践操作**：如果可能，参与实验室的消化系统模拟实验，通过实际操作来理解消化和吸收的过程。
6. **定期复习**：定期复习消化系统的知识点，以巩固记忆，避免遗忘。
7. **寻求帮助**：如果学生在学习过程中遇到困难，应及时向老师或同学求助。

通过上述建议，学生可以逐步克服错误，提高生物学知识水平。

--------------------------------------------------------------------------------

>>>>>>>> TERMINATING RUN (eb6c224a-ff46-4ff9-88b4-fbd34fdeb27f): Maximum number of consecutive auto-replies reached
analysis_agent (to analysis_agent):

下列属于相对性状的是（  ）

--------------------------------------------------------------------------------
analysis_agent (to analysis_agent):

由于题目中没有提供具体的选项，我无法直接给出正确答案。但是，我可以解释什么是相对性状，并帮助你理解如何判断一个选项是否属于相对性状。

相对性状是指同一生物体同一性状的不同表现类型。例如，人的单眼皮和双眼皮是眼睛的相对性状，因为它们都是眼睛这一性状的不同表现形式。

要判断一个选项是否属于相对性状，你需要找到以下条件：

1. 同一生物体：选项中描述的是同一个生物体的不同部分或特征。
2. 同一性状：选项中描述的是同一类型的特征或结构。
3. 不同表现类型：选项中描述的是同一性状的不同表现形式。

例如，如果选项是这样的：
A. 人眼的不同颜色（蓝色、棕色等）
B. 植物的不同开花时间（早花、晚花）
C. 猫的毛色（黑色、白色等）
D. 人类的性别（男、女）

在这个例子中，A和C是相对性状，因为它们都描述了同一生物体同一性状的不同表现类型（人的眼睛颜色、猫的毛色）。B是相对性状，因为它描述了植物开花时间的不同（早花、晚花）。D不是相对性状，因为它描述的是性别，而不是同一性状的不同表现形式。

请提供具体的选项，我将帮助你判断哪个选项属于相对性状。

--------------------------------------------------------------------------------
analysis_agent (to analysis_agent):

了解了相对性状的定义后，我们可以分析一个假设的题目和选项，来演示如何判断哪个选项属于相对性状。

假设题目如下：
下列属于相对性状的是（  ）

A. 人的高矮
B. 植物的叶形（如椭圆形、圆形）
C. 花的颜色（如红色、蓝色）
D. 动物的尾巴长度

分析每个选项：

A. 人的高矮 - 这是同一生物体（人）同一性状（身高）的不同表现类型，因此属于相对性状。

B. 植物的叶形（如椭圆形、圆形） - 这是同一生物体（植物）同一性状（叶片形状）的不同表现类型，因此属于相对性状。

C. 花的颜色（如红色、蓝色） - 这是同一生物体（花）同一性状（花的颜色）的不同表现类型，因此属于相对性状。

D. 动物的尾巴长度 - 这通常不是同一性状的不同表现类型，因为不同种类的动物可能有不同长度的尾巴，而不是同一物种内部尾巴长度的变化。因此，这不属于相对性状。

根据上述分析，正确的答案是A、B和C，因为它们都符合相对性状的定义。如果题目要求选择一个答案，那么通常会选择最直接符合定义的选项，即A. 人的高矮。

--------------------------------------------------------------------------------

>>>>>>>> TERMINATING RUN (fc0f6c7e-8303-419d-958d-dea16020914d): Maximum number of consecutive auto-replies reached
analysis_agent (to analysis_agent):

在制作洋葱鳞片叶表皮细胞临时装片时，滴加碘液的目的是（  ）

--------------------------------------------------------------------------------
analysis_agent (to analysis_agent):

在制作洋葱鳞片叶表皮细胞临时装片时，滴加碘液的目的是为了染色。具体原因如下：

1. **增强对比度**：洋葱鳞片叶表皮细胞本身是透明的，直接观察时很难看清细胞的结构。滴加碘液后，细胞核中的染色体会被染成棕色，这样细胞核与其他细胞结构的对比度就会增强，便于观察。

2. **染色质固定**：碘液可以固定细胞内的染色质，使其在显微镜下更加清晰可见。

3. **观察细胞核**：细胞核是细胞中最重要的结构之一，而碘液能够特别染色细胞核，使得细胞核在显微镜下更加突出，便于学生观察细胞核的形态和结构。

因此，正确答案是：为了染色，增强细胞结构的对比度，便于观察细胞核。

--------------------------------------------------------------------------------
analysis_agent (to analysis_agent):

了解了学生的错误原因后，我可以这样分析并给出改进建议：

**分析错误原因：**
1. **基础知识掌握不牢固**：学生可能没有充分理解制作洋葱鳞片叶表皮细胞临时装片的实验原理，特别是关于染色步骤的目的。
2. **实验操作细节不熟悉**：学生可能没有注意到实验操作中的关键步骤，如为什么需要滴加碘液。
3. **思维定势**：学生可能习惯于从单一角度思考问题，没有考虑到染色步骤的多重目的。

**改进建议：**
1. **加强基础知识学习**：建议学生复习相关的生物学知识，特别是关于细胞结构和显微镜观察的原理。可以通过阅读教科书、观看教学视频或参加课堂讨论来加深理解。

2. **熟悉实验操作细节**：建议学生仔细阅读实验指导书，了解每个步骤的目的和操作方法。可以多次模拟实验操作，确保对每个步骤都有清晰的认识。

3. **培养多角度思考能力**：鼓励学生在学习过程中，不仅仅关注单一知识点，还要思考每个步骤背后的原因和目的。例如，在实验中，除了染色，还可以思考其他可能的步骤和它们的作用。

4. **实践与反思**：在完成实验后，鼓励学生进行反思，思考实验过程中遇到的问题以及如何改进。可以写下实验心得，总结实验过程中的关键点和自己的理解。

5. **寻求帮助**：如果学生在学习过程中遇到困难，不要犹豫寻求老师或同学的帮助。讨论和合作可以加深对知识的理解。

通过以上建议，学生可以更好地理解实验原理，提高实验技能，并在未来的学习中避免类似的错误。

--------------------------------------------------------------------------------

>>>>>>>> TERMINATING RUN (111d4aa6-2104-4a8c-80ab-5e02c67953d8): Maximum number of consecutive auto-replies reached
analysis_agent (to analysis_agent):

绿色植物在光下制造有机物的实验中，把天竺葵放到黑暗处一昼夜的目的是（  ）

--------------------------------------------------------------------------------
analysis_agent (to analysis_agent):

这个实验通常是为了证明光合作用需要光，以及光合作用的产物主要是有机物（如葡萄糖）。将天竺葵放到黑暗处一昼夜的目的主要有以下几点：

1. **消耗原有的淀粉**：天竺葵在光照条件下会进行光合作用，将二氧化碳和水转化为葡萄糖和氧气，同时也会将一部分葡萄糖转化为淀粉储存起来。在黑暗中，天竺葵无法进行光合作用，但仍然会进行呼吸作用消耗储存的淀粉。因此，经过一昼夜的黑暗处理，天竺葵体内的淀粉会被消耗殆尽。

2. **确保实验结果的准确性**：通过在黑暗中放置，可以排除天竺葵在实验过程中可能自行积累淀粉的可能性，这样可以确保在随后的实验中观察到的淀粉是实验处理（即光照）后的结果，而不是原本就存在的。

3. **对照实验**：这一步骤也是为了设置一个对照组，与光照条件下的实验结果形成对比，从而能够更准确地判断光合作用是否发生。

因此，把天竺葵放到黑暗处一昼夜的目的是为了排除原有的淀粉干扰，确保实验结果准确，并作为对照实验的一部分。

选项中如果没有具体的描述，一般可以选择与上述解释相符的选项，比如：“排除原有的淀粉干扰”或“为后续实验提供对照组”。如果需要选择具体选项，请提供完整的选项内容，以便给出准确答案。

--------------------------------------------------------------------------------
analysis_agent (to analysis_agent):

根据您提供的解释，以下是对这个实验目的的具体选项分析：

A. 排除原有淀粉干扰，确保实验结果的准确性。
B. 观察天竺葵在黑暗中的呼吸作用。
C. 观察天竺葵在黑暗中的光合作用。
D. 检测天竺葵在黑暗中的生长状况。

分析如下：

A. 正确。将天竺葵放到黑暗处一昼夜的主要目的之一就是排除原有的淀粉干扰，确保实验结果反映的是光照后光合作用产生的淀粉，而不是植物本身储存的淀粉。

B. 错误。虽然天竺葵在黑暗中会进行呼吸作用，但这不是放置一昼夜的主要目的。

C. 错误。天竺葵在黑暗中不会进行光合作用，因为光合作用需要光。

D. 错误。这个实验步骤并不直接用于检测天竺葵在黑暗中的生长状况。

综上所述，正确答案是A. 排除原有淀粉干扰，确保实验结果的准确性。这个选项最符合将天竺葵放到黑暗处一昼夜的目的。

--------------------------------------------------------------------------------

>>>>>>>> TERMINATING RUN (5eead39a-3bab-43c5-a6ea-cadb241a5fc8): Maximum number of consecutive auto-replies reached
analysis_agent (to analysis_agent):

人体的血液由血浆和血细胞组成，血细胞中能运输氧气的是（  ）

--------------------------------------------------------------------------------
analysis_agent (to analysis_agent):

在这个问题中，考查的是血液的组成和功能。人体的血细胞主要包括红细胞、白细胞和血小板。

- 红细胞（红血球）：主要负责运输氧气和二氧化碳。红细胞内含有大量的血红蛋白，这是一种含铁的蛋白质，它能够与氧气结合，在肺部吸收氧气后通过血液循环将氧气运输到全身各处的组织细胞。

- 白细胞（白血球）：主要负责免疫和防御功能，它们可以识别并消灭入侵的病原体。

- 血小板：主要负责止血和凝血功能，当血管受伤时，血小板会聚集在伤口处形成血栓，以防止血液过多流失。

根据这些信息，能运输氧气的血细胞是红细胞。因此，正确答案是：

（  ）红细胞

改进建议：
1. 加强对血液成分和功能的记忆，特别是红细胞的功能。
2. 通过实际例子或图解来帮助理解红细胞如何运输氧气，例如通过观察肺部和肌肉组织之间的氧气交换过程。
3. 练习类似的选择题，加深对不同血细胞功能的理解和区分。

--------------------------------------------------------------------------------
analysis_agent (to analysis_agent):

非常感谢您的详细解答和改进建议。作为学生，我将会采取以下措施来改进我的学习：

1. **加强记忆**：我会利用图表、思维导图等工具，将血液的组成和各成分的功能进行归纳总结，以便更好地记忆。

2. **理解机制**：通过查找资料或观看教学视频，我会尝试理解红细胞如何通过血红蛋白在肺部吸收氧气，并在身体各部分释放氧气的过程。

3. **实际联系**：我会尝试将血液的功能与实际生活中的例子联系起来，比如运动时身体如何需要更多的氧气，以及血液如何响应这种需求。

4. **练习题目**：我会通过做更多的习题来巩固对血细胞功能的理解，并提高解题速度和准确性。

5. **定期复习**：我会定期复习这些知识点，确保长期记忆的稳固，避免遗忘。

我会将这些改进措施应用到我的学习中，并期待在未来的考试中取得更好的成绩。再次感谢您的帮助！

--------------------------------------------------------------------------------

>>>>>>>> TERMINATING RUN (93021274-6de1-4373-ac82-aa1dd23c383b): Maximum number of consecutive auto-replies reached
analysis_agent (to analysis_agent):

菜豆种子和玉米种子都具有的结构是（  ）

--------------------------------------------------------------------------------
analysis_agent (to analysis_agent):

首先，我们需要了解菜豆种子和玉米种子的基本结构。两者都是植物种子，但属于不同的植物类型：菜豆是豆科植物，而玉米是禾本科植物。

菜豆种子通常由以下几个部分组成：
1. 种皮：保护种子的外层。
2. 脐：种皮上的一个点，是胚芽发育的地方。
3. 胚乳：储存营养物质的部位。
4. 胚：包括胚根、胚轴、胚芽和子叶。

玉米种子也由以下几个部分组成：
1. 种皮：保护种子的外层。
2. 脐：种皮上的一个点，是胚芽发育的地方。
3. 胚乳：储存营养物质的部位。
4. 胚：包括胚根、胚轴、胚芽和子叶。

根据上述结构，菜豆种子和玉米种子都具有以下共同结构：

1. 种皮
2. 脐
3. 胚乳
4. 胚

因此，正确答案是这些共同结构，即种皮、脐、胚乳和胚。在选择题中，如果选项中包含了这些结构，那么正确答案就是这些结构的组合。具体选项内容没有给出，所以无法确定确切的答案选项。

--------------------------------------------------------------------------------
analysis_agent (to analysis_agent):

根据您提供的菜豆种子和玉米种子的结构信息，我们可以分析学生在解答这个问题时可能出现的错误原因：

1. **知识理解不足**：学生可能没有充分理解两种种子结构的基本知识，导致无法正确识别它们的共同点。

2. **混淆种子的分类**：学生可能混淆了菜豆种子和玉米种子的分类，例如将菜豆种子误认为是单子叶植物种子，而玉米种子误认为是双子叶植物种子，从而错误地排除了某些结构。

3. **选项混淆**：如果题目中的选项设计不当，学生可能会因为选项的表述不清或者误导性描述而选择错误。

4. **记忆错误**：学生可能记错了种子的结构，例如记错了胚乳或胚的结构。

改进建议：

1. **加强基础知识学习**：建议学生复习植物学的基础知识，特别是关于种子结构的内容，确保对种子的各个部分有清晰的理解。

2. **对比学习**：通过对比菜豆种子和玉米种子的结构，帮助学生识别它们的共同点和不同点，加深对种子结构的记忆。

3. **细致审题**：在解答选择题时，要仔细阅读题目和选项，避免因为选项的表述问题而做出错误的选择。

4. **强化记忆练习**：通过做更多的练习题来巩固对种子结构的记忆，特别是对于容易混淆的概念。

5. **查阅资料**：如果学生在解答过程中遇到不确定的问题，可以鼓励他们查阅相关的教材或资料，以获得准确的答案。

通过上述方法，学生可以提高解题能力，减少类似错误的发生。

--------------------------------------------------------------------------------

>>>>>>>> TERMINATING RUN (697792fa-b3e0-4f47-81a3-81ac952fd7b9): Maximum number of consecutive auto-replies reached
analysis_agent (to analysis_agent):

在生态系统中，能量流动的特点是（  ）

--------------------------------------------------------------------------------
analysis_agent (to analysis_agent):

很抱歉，由于您没有提供具体的选项，我无法直接给出正确答案。但是，我可以告诉您生态系统能量流动的一般特点：

1. **单向流动**：能量在生态系统中只能从低营养级流向高营养级，不能反向流动。
2. **逐级递减**：能量在传递过程中会逐级递减，每一级消费者所获得的能量大约只有上一级的10%-20%。
3. **逐级积累**：能量在食物链或食物网中逐级积累，营养级越高，能量积累越多。
4. **能量损失**：能量在传递过程中会以热能的形式散失到环境中。
5. **起始点**：能量流动的起始点是生产者（通常是绿色植物），它们通过光合作用将太阳能转化为化学能。

如果您能提供具体的选项，我可以帮助您确定正确答案。

--------------------------------------------------------------------------------
analysis_agent (to analysis_agent):

了解了，让我们假设有几个关于生态系统能量流动的选项，如下：

A. 能量可以在生态系统中双向流动
B. 能量在传递过程中逐渐增加
C. 能量从低营养级向高营养级流动，但最终可以循环利用
D. 能量从生产者开始，逐级递减地流向消费者和分解者

根据您提供的生态系统能量流动的特点，我们可以分析每个选项：

A. 这个选项是错误的，因为能量在生态系统中是单向流动的，不能反向流动。

B. 这个选项也是错误的，因为能量在传递过程中是逐渐减少的，不会增加。

C. 这个选项也是错误的，虽然能量确实从低营养级向高营养级流动，但它不能循环利用，最终会以热能形式散失。

D. 这个选项是正确的，它准确地描述了生态系统能量流动的特点：能量从生产者开始，逐级递减地流向消费者和分解者。

因此，如果选项中有D，那么D应该是正确答案。

改进建议：
- 理解并记住生态系统能量流动的基本原则。
- 练习使用食物链和食物网来分析能量流动。
- 注意能量在每一营养级的递减情况，并理解能量散失的原因。
- 在学习过程中，制作图表或图解来帮助记忆和理解能量流动的路径和效率。

--------------------------------------------------------------------------------

>>>>>>>> TERMINATING RUN (fd62f6a4-bf86-4a1f-91ba-b64bbf9ae317): Maximum number of consecutive auto-replies reached
analysis_agent (to analysis_agent):

青蛙的发育过程属于（  ）

--------------------------------------------------------------------------------
analysis_agent (to analysis_agent):

青蛙的发育过程属于变态发育。

**错误原因分析：**
1. 对变态发育概念理解不透彻：学生可能没有准确理解变态发育的定义，即动物在生命周期中经历显著形态变化的过程。
2. 对青蛙发育过程认识不足：学生可能不清楚青蛙从蝌蚪到成蛙的过程包括哪些阶段，以及这些阶段之间的形态变化。
3. 记忆混淆：学生可能将青蛙的发育过程与其他动物的发育过程混淆。

**改进建议：**
1. **复习变态发育的定义**：确保学生理解变态发育是指动物在从幼虫或幼体到成体的过程中，形态结构发生显著变化的现象。
2. **详细讲解青蛙的发育过程**：解释青蛙从受精卵到蝌蚪，再到青蛙的各个阶段，包括形态、生活习性和生理功能的变化。
3. **提供实例对比**：通过比较青蛙和其他经历变态发育的动物（如蝴蝶、蜻蜓等），帮助学生更好地理解变态发育的特点。
4. **加强练习**：通过练习题和实际观察，让学生巩固对青蛙发育过程的认识。
5. **定期复习**：定期复习变态发育的概念和青蛙的发育过程，帮助学生巩固记忆，减少混淆。

--------------------------------------------------------------------------------
analysis_agent (to analysis_agent):

非常感谢您的分析和建议。根据您的分析，以下是一些具体的实施步骤，以帮助学生更好地理解和记忆青蛙的变态发育过程：

1. **课堂讲解与互动**：
   - 在课堂上，使用图片、视频等多媒体工具展示青蛙从蝌蚪到成蛙的发育过程。
   - 讲解青蛙变态发育的各个阶段，如受精卵、蝌蚪、幼蛙和成蛙，并强调每个阶段的特点。
   - 通过提问和小组讨论，引导学生深入思考每个阶段的形态和生理变化。

2. **实例对比教学**：
   - 介绍其他经历变态发育的动物，如蝴蝶的生命周期，以帮助学生比较和区分不同的变态发育类型。
   - 分析青蛙和其他动物变态发育过程的异同，让学生从多角度理解变态发育的概念。

3. **动手实践活动**：
   - 如果条件允许，可以组织学生进行青蛙卵的观察实验，让学生亲身体验青蛙发育的各个阶段。
   - 通过显微镜观察蝌蚪的内部结构变化，加深对变态发育过程的理解。

4. **制作学习资料**：
   - 鼓励学生制作青蛙变态发育的图表或模型，帮助他们可视化整个发育过程。
   - 制作时间线或流程图，展示每个阶段的时间顺序和变化。

5. **定期测试与复习**：
   - 定期进行小测验或问答，检查学生对青蛙变态发育知识的掌握情况。
   - 复习课上的关键点，如每个发育阶段的特征和变化。

6. **家庭作业与拓展**：
   - 布置与青蛙变态发育相关的家庭作业，如写作或研究报告，以加深学生的理解。
   - 鼓励学生在家中查找更多关于青蛙和其他动物变态发育的资料，进行拓展学习。

通过这些步骤，可以帮助学生从多个维度深入理解青蛙的变态发育过程，从而提高他们的科学素养和记忆能力。

--------------------------------------------------------------------------------

>>>>>>>> TERMINATING RUN (3effd679-144a-4dd2-807b-d4233384aced): Maximum number of consecutive auto-replies reached
summary_agent (to summary_agent):

请你根据错题分析老师的分析总结学生的薄弱点，总结该生接下来要学习哪些知识点。分析的结果如下：
是的，您的分析是正确的。根据题目描述，如果污点在转动目镜和移动装片后都没有移动，那么污点很可能是位于物镜上。以下是详细的分析和改进建议：

**错误原因分析：**
1. 学生可能对显微镜的结构和污点可能存在的位置理解不够清楚。
2. 学生可能没有充分理解如何通过观察和操作来排除不同位置上的污点。

**改进建议：**
1. **加强显微镜结构知识的学习**：确保学生了解显微镜的各个部分，包括目镜、物镜、载玻片和盖玻片的位置和功能。
2. **实践操作**：通过实际操作显微镜，让学生练习转动目镜和移动装片，以判断污点的位置。
3. **逐步排除法**：教给学生使用逐步排除法来确定污点位置的方法。例如，首先转动目镜，如果污点不动，那么污点不在目镜上；然后移动装片，如果污点仍然不动，那么污点很可能在物镜上。
4. **观察技巧**：指导学生注意观察污点移动的规律，通过这些规律来推断污点的可能位置。
5. **定期复习**：定期复习显微镜的使用和污点排除的技巧，以帮助学生巩固知识。

通过这些改进措施，学生可以更好地理解和掌握显微镜的使用，从而减少类似的错误。
感谢您的详细分析和改进建议。现在，我将根据您提供的分析，给出一个具体的错题分析示例：

**错题示例：**
“植物进行光合作用的主要器官是（  ）”
学生填写答案为：根

**错题分析：**
1. **错误原因分析：**
   - 学生可能没有充分理解光合作用的基本概念，认为光合作用发生在所有植物器官中。
   - 学生可能对植物器官的功能缺乏清晰的认识，没有意识到光合作用主要发生在叶子中。
   - 学生可能存在记忆混淆，将光合作用与植物的呼吸作用等其他生理过程相混淆。

2. **改进建议：**
   - **概念澄清：** 向学生解释光合作用的定义，强调它是植物通过叶绿体利用光能将无机物转化为有机物的过程。
   - **结构学习：** 通过图片或实际观察，让学生了解叶子的结构，特别是叶绿体的位置和功能。
   - **对比学习：** 通过对比叶、茎、根等不同器官的功能，帮助学生区分它们在植物生理活动中的作用。
   - **定期复习：** 建议学生定期复习光合作用的相关知识，通过习题和实验加深理解。
   - **实践应用：** 如果条件允许，可以组织学生进行植物实验，观察光合作用的现象，增强学习效果。

通过这样的错题分析，学生可以更清楚地认识到自己的错误，并通过针对性的改进措施来提高自己的学习效果。
了解了学生的错误原因和改进建议后，以下是对学生的错题分析及改进建议：

**错题分析：**
学生在回答这个问题时选择了错误答案，可能是由于以下原因：
1. **基础知识薄弱**：学生可能没有牢固掌握人体消化系统的基本知识，特别是小肠在消化和吸收过程中的关键作用。
2. **记忆混淆**：学生可能记混了消化系统中不同器官的功能，将小肠与胃、大肠等其他器官的功能混淆。
3. **缺乏实践理解**：学生可能没有通过实践活动（如实验、模型制作等）来加深对消化系统工作原理的理解。

**改进建议：**
为了帮助学生纠正错误并提高生物学知识，以下是一些建议：
1. **复习基础知识**：建议学生重新阅读教科书或相关资料，重点复习人体消化系统的结构，特别是小肠的结构和功能。
2. **制作或使用图解**：鼓励学生制作或使用消化系统图解，通过视觉辅助来记忆每个器官的位置和功能。
3. **案例分析**：通过案例分析来帮助学生理解消化过程中的具体步骤，例如，可以分析不同食物成分在小肠中的消化和吸收过程。
4. **互动学习**：参与课堂讨论或小组学习，与同学一起讨论消化系统的知识点，通过交流加深理解。
5. **实践操作**：如果可能，参与实验室的消化系统模拟实验，通过实际操作来理解消化和吸收的过程。
6. **定期复习**：定期复习消化系统的知识点，以巩固记忆，避免遗忘。
7. **寻求帮助**：如果学生在学习过程中遇到困难，应及时向老师或同学求助。

通过上述建议，学生可以逐步克服错误，提高生物学知识水平。
了解了相对性状的定义后，我们可以分析一个假设的题目和选项，来演示如何判断哪个选项属于相对性状。

假设题目如下：
下列属于相对性状的是（  ）

A. 人的高矮
B. 植物的叶形（如椭圆形、圆形）
C. 花的颜色（如红色、蓝色）
D. 动物的尾巴长度

分析每个选项：

A. 人的高矮 - 这是同一生物体（人）同一性状（身高）的不同表现类型，因此属于相对性状。

B. 植物的叶形（如椭圆形、圆形） - 这是同一生物体（植物）同一性状（叶片形状）的不同表现类型，因此属于相对性状。

C. 花的颜色（如红色、蓝色） - 这是同一生物体（花）同一性状（花的颜色）的不同表现类型，因此属于相对性状。

D. 动物的尾巴长度 - 这通常不是同一性状的不同表现类型，因为不同种类的动物可能有不同长度的尾巴，而不是同一物种内部尾巴长度的变化。因此，这不属于相对性状。

根据上述分析，正确的答案是A、B和C，因为它们都符合相对性状的定义。如果题目要求选择一个答案，那么通常会选择最直接符合定义的选项，即A. 人的高矮。
了解了学生的错误原因后，我可以这样分析并给出改进建议：

**分析错误原因：**
1. **基础知识掌握不牢固**：学生可能没有充分理解制作洋葱鳞片叶表皮细胞临时装片的实验原理，特别是关于染色步骤的目的。
2. **实验操作细节不熟悉**：学生可能没有注意到实验操作中的关键步骤，如为什么需要滴加碘液。
3. **思维定势**：学生可能习惯于从单一角度思考问题，没有考虑到染色步骤的多重目的。

**改进建议：**
1. **加强基础知识学习**：建议学生复习相关的生物学知识，特别是关于细胞结构和显微镜观察的原理。可以通过阅读教科书、观看教学视频或参加课堂讨论来加深理解。

2. **熟悉实验操作细节**：建议学生仔细阅读实验指导书，了解每个步骤的目的和操作方法。可以多次模拟实验操作，确保对每个步骤都有清晰的认识。

3. **培养多角度思考能力**：鼓励学生在学习过程中，不仅仅关注单一知识点，还要思考每个步骤背后的原因和目的。例如，在实验中，除了染色，还可以思考其他可能的步骤和它们的作用。

4. **实践与反思**：在完成实验后，鼓励学生进行反思，思考实验过程中遇到的问题以及如何改进。可以写下实验心得，总结实验过程中的关键点和自己的理解。

5. **寻求帮助**：如果学生在学习过程中遇到困难，不要犹豫寻求老师或同学的帮助。讨论和合作可以加深对知识的理解。

通过以上建议，学生可以更好地理解实验原理，提高实验技能，并在未来的学习中避免类似的错误。
根据您提供的解释，以下是对这个实验目的的具体选项分析：

A. 排除原有淀粉干扰，确保实验结果的准确性。
B. 观察天竺葵在黑暗中的呼吸作用。
C. 观察天竺葵在黑暗中的光合作用。
D. 检测天竺葵在黑暗中的生长状况。

分析如下：

A. 正确。将天竺葵放到黑暗处一昼夜的主要目的之一就是排除原有的淀粉干扰，确保实验结果反映的是光照后光合作用产生的淀粉，而不是植物本身储存的淀粉。

B. 错误。虽然天竺葵在黑暗中会进行呼吸作用，但这不是放置一昼夜的主要目的。

C. 错误。天竺葵在黑暗中不会进行光合作用，因为光合作用需要光。

D. 错误。这个实验步骤并不直接用于检测天竺葵在黑暗中的生长状况。

综上所述，正确答案是A. 排除原有淀粉干扰，确保实验结果的准确性。这个选项最符合将天竺葵放到黑暗处一昼夜的目的。
非常感谢您的详细解答和改进建议。作为学生，我将会采取以下措施来改进我的学习：

1. **加强记忆**：我会利用图表、思维导图等工具，将血液的组成和各成分的功能进行归纳总结，以便更好地记忆。

2. **理解机制**：通过查找资料或观看教学视频，我会尝试理解红细胞如何通过血红蛋白在肺部吸收氧气，并在身体各部分释放氧气的过程。

3. **实际联系**：我会尝试将血液的功能与实际生活中的例子联系起来，比如运动时身体如何需要更多的氧气，以及血液如何响应这种需求。

4. **练习题目**：我会通过做更多的习题来巩固对血细胞功能的理解，并提高解题速度和准确性。

5. **定期复习**：我会定期复习这些知识点，确保长期记忆的稳固，避免遗忘。

我会将这些改进措施应用到我的学习中，并期待在未来的考试中取得更好的成绩。再次感谢您的帮助！
根据您提供的菜豆种子和玉米种子的结构信息，我们可以分析学生在解答这个问题时可能出现的错误原因：

1. **知识理解不足**：学生可能没有充分理解两种种子结构的基本知识，导致无法正确识别它们的共同点。

2. **混淆种子的分类**：学生可能混淆了菜豆种子和玉米种子的分类，例如将菜豆种子误认为是单子叶植物种子，而玉米种子误认为是双子叶植物种子，从而错误地排除了某些结构。

3. **选项混淆**：如果题目中的选项设计不当，学生可能会因为选项的表述不清或者误导性描述而选择错误。

4. **记忆错误**：学生可能记错了种子的结构，例如记错了胚乳或胚的结构。

改进建议：

1. **加强基础知识学习**：建议学生复习植物学的基础知识，特别是关于种子结构的内容，确保对种子的各个部分有清晰的理解。

2. **对比学习**：通过对比菜豆种子和玉米种子的结构，帮助学生识别它们的共同点和不同点，加深对种子结构的记忆。

3. **细致审题**：在解答选择题时，要仔细阅读题目和选项，避免因为选项的表述问题而做出错误的选择。

4. **强化记忆练习**：通过做更多的练习题来巩固对种子结构的记忆，特别是对于容易混淆的概念。

5. **查阅资料**：如果学生在解答过程中遇到不确定的问题，可以鼓励他们查阅相关的教材或资料，以获得准确的答案。

通过上述方法，学生可以提高解题能力，减少类似错误的发生。
了解了，让我们假设有几个关于生态系统能量流动的选项，如下：

A. 能量可以在生态系统中双向流动
B. 能量在传递过程中逐渐增加
C. 能量从低营养级向高营养级流动，但最终可以循环利用
D. 能量从生产者开始，逐级递减地流向消费者和分解者

根据您提供的生态系统能量流动的特点，我们可以分析每个选项：

A. 这个选项是错误的，因为能量在生态系统中是单向流动的，不能反向流动。

B. 这个选项也是错误的，因为能量在传递过程中是逐渐减少的，不会增加。

C. 这个选项也是错误的，虽然能量确实从低营养级向高营养级流动，但它不能循环利用，最终会以热能形式散失。

D. 这个选项是正确的，它准确地描述了生态系统能量流动的特点：能量从生产者开始，逐级递减地流向消费者和分解者。

因此，如果选项中有D，那么D应该是正确答案。

改进建议：
- 理解并记住生态系统能量流动的基本原则。
- 练习使用食物链和食物网来分析能量流动。
- 注意能量在每一营养级的递减情况，并理解能量散失的原因。
- 在学习过程中，制作图表或图解来帮助记忆和理解能量流动的路径和效率。
非常感谢您的分析和建议。根据您的分析，以下是一些具体的实施步骤，以帮助学生更好地理解和记忆青蛙的变态发育过程：

1. **课堂讲解与互动**：
   - 在课堂上，使用图片、视频等多媒体工具展示青蛙从蝌蚪到成蛙的发育过程。
   - 讲解青蛙变态发育的各个阶段，如受精卵、蝌蚪、幼蛙和成蛙，并强调每个阶段的特点。
   - 通过提问和小组讨论，引导学生深入思考每个阶段的形态和生理变化。

2. **实例对比教学**：
   - 介绍其他经历变态发育的动物，如蝴蝶的生命周期，以帮助学生比较和区分不同的变态发育类型。
   - 分析青蛙和其他动物变态发育过程的异同，让学生从多角度理解变态发育的概念。

3. **动手实践活动**：
   - 如果条件允许，可以组织学生进行青蛙卵的观察实验，让学生亲身体验青蛙发育的各个阶段。
   - 通过显微镜观察蝌蚪的内部结构变化，加深对变态发育过程的理解。

4. **制作学习资料**：
   - 鼓励学生制作青蛙变态发育的图表或模型，帮助他们可视化整个发育过程。
   - 制作时间线或流程图，展示每个阶段的时间顺序和变化。

5. **定期测试与复习**：
   - 定期进行小测验或问答，检查学生对青蛙变态发育知识的掌握情况。
   - 复习课上的关键点，如每个发育阶段的特征和变化。

6. **家庭作业与拓展**：
   - 布置与青蛙变态发育相关的家庭作业，如写作或研究报告，以加深学生的理解。
   - 鼓励学生在家中查找更多关于青蛙和其他动物变态发育的资料，进行拓展学习。

通过这些步骤，可以帮助学生从多个维度深入理解青蛙的变态发育过程，从而提高他们的科学素养和记忆能力。